TN:
SF:src\app.js
FN:19,(anonymous_0)
FN:20,(anonymous_1)
FN:44,(anonymous_2)
FN:48,(anonymous_3)
FN:53,(anonymous_4)
FN:57,(anonymous_5)
FN:61,(anonymous_6)
FN:77,(anonymous_7)
FN:82,(anonymous_8)
FNF:9
FNH:9
FNDA:11,(anonymous_0)
FNDA:11,(anonymous_1)
FNDA:1,(anonymous_2)
FNDA:1,(anonymous_3)
FNDA:2,(anonymous_4)
FNDA:1,(anonymous_5)
FNDA:4,(anonymous_6)
FNDA:2,(anonymous_7)
FNDA:10,(anonymous_8)
DA:1,1
DA:2,1
DA:4,1
DA:5,1
DA:8,1
DA:9,1
DA:11,1
DA:19,1
DA:20,11
DA:22,11
DA:23,11
DA:25,11
DA:29,1
DA:31,1
DA:37,1
DA:44,1
DA:45,1
DA:48,1
DA:49,1
DA:50,1
DA:53,1
DA:54,2
DA:57,1
DA:58,1
DA:61,1
DA:62,4
DA:63,4
DA:64,2
DA:66,2
DA:73,2
DA:74,2
DA:77,1
DA:78,2
DA:82,1
DA:83,10
DA:86,1
LF:36
LH:36
BRDA:22,0,0,11
BRDA:22,0,1,0
BRDA:63,1,0,2
BRDA:63,1,1,2
BRDA:63,2,0,4
BRDA:63,2,1,3
BRDA:63,2,2,3
BRF:7
BRH:6
end_of_record
TN:
SF:src\server.js
FN:5,(anonymous_0)
FNF:1
FNH:0
FNDA:0,(anonymous_0)
DA:1,0
DA:3,0
DA:5,0
DA:6,0
LF:4
LH:0
BRDA:3,0,0,0
BRDA:3,0,1,0
BRF:2
BRH:0
end_of_record
