TN:
SF:src\app.js
FN:20,(anonymous_0)
FN:21,(anonymous_1)
FN:47,(anonymous_2)
FN:51,(anonymous_3)
FN:57,(anonymous_4)
FN:61,(anonymous_5)
FN:65,(anonymous_6)
FN:81,(anonymous_7)
FN:90,(anonymous_8)
FN:99,(anonymous_9)
FNF:10
FNH:9
FNDA:11,(anonymous_0)
FNDA:11,(anonymous_1)
FNDA:1,(anonymous_2)
FNDA:1,(anonymous_3)
FNDA:2,(anonymous_4)
FNDA:1,(anonymous_5)
FNDA:4,(anonymous_6)
FNDA:2,(anonymous_7)
FNDA:0,(anonymous_8)
FNDA:10,(anonymous_9)
DA:1,1
DA:2,1
DA:3,1
DA:5,1
DA:6,1
DA:9,1
DA:10,1
DA:12,1
DA:20,1
DA:21,11
DA:23,11
DA:24,11
DA:25,11
DA:28,11
DA:32,1
DA:34,1
DA:40,1
DA:47,1
DA:48,1
DA:51,1
DA:52,1
DA:53,1
DA:57,1
DA:58,2
DA:61,1
DA:62,1
DA:65,1
DA:66,4
DA:67,4
DA:68,2
DA:70,2
DA:77,2
DA:78,2
DA:81,1
DA:82,2
DA:86,1
DA:87,1
DA:90,1
DA:91,0
DA:92,0
DA:94,0
DA:99,1
DA:100,10
DA:103,1
LF:44
LH:41
BRDA:23,0,0,11
BRDA:23,0,1,0
BRDA:23,1,0,11
BRDA:23,1,1,2
BRDA:23,1,2,1
BRDA:24,2,0,11
BRDA:24,2,1,0
BRDA:67,3,0,2
BRDA:67,3,1,2
BRDA:67,4,0,4
BRDA:67,4,1,3
BRDA:67,4,2,3
BRDA:91,5,0,0
BRDA:91,5,1,0
BRF:14
BRH:10
end_of_record
TN:
SF:src\server.js
FN:5,(anonymous_0)
FNF:1
FNH:0
FNDA:0,(anonymous_0)
DA:1,0
DA:3,0
DA:5,0
DA:6,0
LF:4
LH:0
BRDA:3,0,0,0
BRDA:3,0,1,0
BRF:2
BRH:0
end_of_record
